<?xml version="1.0" encoding="UTF-8"?>
<testsuite xmlns:xsi="http://www.w3.org/2001/XMLSchema-instance" xsi:noNamespaceSchemaLocation="https://maven.apache.org/surefire/maven-surefire-plugin/xsd/surefire-test-report.xsd" name="com.skillsoft.junit.AccountDetailsTest" time="0.011" tests="2" errors="0" skipped="0" failures="1">
  <properties>
[...]
</properties>
  <testcase name="validateBalance" classname="com.skillsoft.junit.AccountDetailsTest" time="0.001"/>
  <testcase name="validateName" classname="com.skillsoft.junit.AccountDetailsTest" time="0.004">
    <failure message="expected: &lt;true&gt; but was: &lt;false&gt;" type="org.opentest4j.AssertionFailedError"><![CDATA[org.opentest4j.AssertionFailedError: expected: <true> but was: <false>
	at com.skillsoft.junit.AccountDetailsTest.validateName(AccountDetailsTest.java:15)
]]></failure>
  </testcase>
</testsuite>